<?xml version="1.0" encoding="UTF-8"?>
<!-- Generated by org.testng.reporters.JUnitXMLReporter -->
<testsuite ignored="0" hostname="LAPTOP-2QP8EQBC" failures="0" tests="3" name="Test" time="8.968" errors="0" timestamp="2021-11-05T17:06:52 CDT">
  <testcase classname="tests.NegativeLoginTest" name="invalidPass" time="2.178"/>
  <testcase classname="tests.NegativeLoginTest" name="invalidEmail" time="0.754"/>
  <testcase classname="tests.PositiveLoginTest" name="invalidEmail" time="0.198"/>
</testsuite> <!-- Test -->
